<mule xmlns="http://www.mulesoft.org/schema/mule/core"
      xmlns:xsi="http://www.w3.org/2001/XMLSchema-instance"
      xmlns:http="http://www.mulesoft.org/schema/mule/http"
      xmlns:cloudblue-connect="http://www.mulesoft.org/schema/mule/cloudblue-connect"
      xsi:schemaLocation="http://www.mulesoft.org/schema/mule/core
            http://www.mulesoft.org/schema/mule/core/current/mule.xsd
            http://www.mulesoft.org/schema/mule/http 
            http://www.mulesoft.org/schema/mule/http/current/mule-http.xsd
            http://www.mulesoft.org/schema/mule/cloudblue-connect 
            http://www.mulesoft.org/schema/mule/cloudblue-connect/current/mule-cloudblue-connect.xsd">
    
    <http:listener-config name="listenerConfig">
        <http:listener-connection host="localhost" port="${port}"/>
    </http:listener-config>

    <flow name="createTierConfigRequestCaseServer">
        <http:listener path="/tier/config-requests" config-ref="listenerConfig"/>
        <set-payload value="{'id':'${tierConfigRequest_id}'}"/>
    </flow>

    <cloudblue-connect:config name="CloudBlue_Connect_Config_Test">
        <cloudblue-connect:connection token="ApiKey SU-000-000-000:fake-token-001"
                                      connectionTimeout="20000"
                                      endpoint="http://localhost:${port}"/>
    </cloudblue-connect:config>

    <flow name="createTierConfigRequest">
		<cloudblue-connect:create-tier-config-request
            config-ref="CloudBlue_Connect_Config_Test"           
            productId="PRD-776-620-552"
            tierLevel="1"
            connectionId="CO-000-000"
            marketplaceId="MP-00000"
            paramId="PA-000"
            paramValue="garet">
		</cloudblue-connect:create-tier-config-request>
    </flow>
</mule>