<mule xmlns="http://www.mulesoft.org/schema/mule/core"
      xmlns:xsi="http://www.w3.org/2001/XMLSchema-instance"
      xmlns:http="http://www.mulesoft.org/schema/mule/http"
      xmlns:cloudblue-connect="http://www.mulesoft.org/schema/mule/cloudblue-connect"
      xsi:schemaLocation="http://www.mulesoft.org/schema/mule/core
            http://www.mulesoft.org/schema/mule/core/current/mule.xsd
            http://www.mulesoft.org/schema/mule/http 
            http://www.mulesoft.org/schema/mule/http/current/mule-http.xsd
            http://www.mulesoft.org/schema/mule/cloudblue-connect 
            http://www.mulesoft.org/schema/mule/cloudblue-connect/current/mule-cloudblue-connect.xsd">
    
    <http:listener-config name="listenerConfig">
        <http:listener-connection host="localhost" port="${port}"/>
    </http:listener-config>
    
    <flow name="getRequestServer">
        <http:listener path="/requests/${request_id}" config-ref="listenerConfig"/>
        <set-payload value="{'id':'${request_id}'}"/>
    </flow>

    <flow name="listRequestsServer">
        <http:listener path="/requests" config-ref="listenerConfig"/>
        <set-payload value="[{'id':'${request_id}'}]"/>
    </flow>
    
    <flow name="getAssetServer">
        <http:listener path="/assets/${asset_id}" config-ref="listenerConfig"/>
        <set-payload value="{'id':'${asset_id}'}"/>
    </flow>

    <flow name="listAssetsServer">
        <http:listener path="/assets" config-ref="listenerConfig"/>
        <set-payload value="[{'id':'${asset_id}'}]"/>
    </flow>

    <flow name="getCaseServer">
        <http:listener path="/helpdesk/cases/${case_id}" config-ref="listenerConfig"/>
        <set-payload value="{'id':'${case_id}'}"/>
    </flow>

    <flow name="listCasesServer">
        <http:listener path="/helpdesk/cases" config-ref="listenerConfig"/>
        <set-payload value="[{'id':'${case_id}'}]"/>
    </flow>

    <flow name="listConversationMessagesServer">
        <http:listener path="/conversations/${conversation_id}/conversations" config-ref="listenerConfig"/>
        <set-payload value="[{'id':'${conversation_id}'}]"/>
    </flow>


    <flow name="getTierAccountServer">
        <http:listener path="/tier/accounts/${tierAccount_id}" config-ref="listenerConfig"/>
        <set-payload value="{'id':'${tierAccount_id}'}"/>
    </flow>

    <flow name="listTierAccountsServer">
        <http:listener path="/tier/accounts/" config-ref="listenerConfig"/>
        <set-payload value="[{'id':'${tierAccount_id}'}]"/>
    </flow>

    <cloudblue-connect:config name="CloudBlue_Connect_Config_Test">
        <cloudblue-connect:connection token="ApiKey SU-000-000-000:fake-token-001"
                                      connectionTimeout="20000"
                                      endpoint="http://localhost:${port}"/>
    </cloudblue-connect:config>
    
    <flow name="getRequest">
        <cloudblue-connect:get-request config-ref="CloudBlue_Connect_Config_Test"
                                       id="${request_id}"/>
    </flow>
    
    <flow name="getAsset">
        <cloudblue-connect:get-asset config-ref="CloudBlue_Connect_Config_Test"
                                     id="${asset_id}"/>
    </flow>

    <flow name="getCase">
        <cloudblue-connect:get-case config-ref="CloudBlue_Connect_Config_Test" id="${case_id}"/>
    </flow>

    <flow name="getTierAccount">
        <cloudblue-connect:get-tier-account config-ref="CloudBlue_Connect_Config_Test" 
                                        id="${tierAccount_id}"/>
    </flow>

    <flow name="listRequestsWithFilter">
        <cloudblue-connect:list-requests config-ref="CloudBlue_Connect_Config_Test">
            <cloudblue-connect:filter >
                <cloudblue-connect:list-filter type="OR" >
                    <cloudblue-connect:filters >
                        <cloudblue-connect:mono-filter type="EQ" property="asset.id" value="AS-0000-0000-0000" />
                        <cloudblue-connect:mono-filter type="EQ" property="status" value="approved" />
                    </cloudblue-connect:filters>
                </cloudblue-connect:list-filter>
            </cloudblue-connect:filter>
            <cloudblue-connect:order-by >
                <cloudblue-connect:properties >
                    <cloudblue-connect:property value="-created" />
                </cloudblue-connect:properties>
            </cloudblue-connect:order-by>
        </cloudblue-connect:list-requests>
    </flow>

    <flow name="listRequestsWithoutFilter">
        <cloudblue-connect:list-requests config-ref="CloudBlue_Connect_Config_Test"/>
    </flow>

    <flow name="listAssetsWithFilter">
        <cloudblue-connect:list-assets config-ref="CloudBlue_Connect_Config_Test">
            <cloudblue-connect:filter >
                <cloudblue-connect:list-filter type="AND" >
                    <cloudblue-connect:filters >
                        <cloudblue-connect:mono-filter type="EQ" property="id" value="AS-0000-0000-0000" />
                        <cloudblue-connect:mono-filter type="NE" property="status" value="active" />
                    </cloudblue-connect:filters>
                </cloudblue-connect:list-filter>
            </cloudblue-connect:filter>
        </cloudblue-connect:list-assets>
    </flow>

    <flow name="listAssetsWithoutFilter">
        <cloudblue-connect:list-assets config-ref="CloudBlue_Connect_Config_Test"/>
    </flow>

    <flow name="listCasesWithFilter">
        <cloudblue-connect:list-cases config-ref="CloudBlue_Connect_Config_Test">
            <cloudblue-connect:filter >
                <cloudblue-connect:list-filter type="AND" >
                    <cloudblue-connect:filters >
                        <cloudblue-connect:mono-filter type="EQ" property="id" value="CA-0000-0000" />
                        <cloudblue-connect:mono-filter type="NE" property="state" value="pending" />
                    </cloudblue-connect:filters>
                </cloudblue-connect:list-filter>
            </cloudblue-connect:filter>
        </cloudblue-connect:list-cases>
    </flow>

    <flow name="listCasesWithoutFilter">
        <cloudblue-connect:list-cases config-ref="CloudBlue_Connect_Config_Test"/>
    </flow>

    <flow name="listConversationMessagesWithoutFilter">
        <cloudblue-connect:list-assets config-ref="CloudBlue_Connect_Config_Test"/>
    </flow>

    <flow name="listConversationMessagesWithFilter">
        <cloudblue-connect:list-assets config-ref="CloudBlue_Connect_Config_Test">
            <cloudblue-connect:filter >
                <cloudblue-connect:list-filter type="AND" >
                    <cloudblue-connect:filters >
                        <cloudblue-connect:mono-filter type="EQ" property="conversation_id" value="CO-0000-0000" />
                        <cloudblue-connect:mono-filter type="NE" property="text" value="pending" />
                    </cloudblue-connect:filters>
                </cloudblue-connect:list-filter>
            </cloudblue-connect:filter>
        </cloudblue-connect:list-assets>
    </flow>

    <flow name="listTierAccountsWithoutFilter">
        <cloudblue-connect:list-tier-accounts config-ref="CloudBlue_Connect_Config_Test"/>
    </flow>

    <flow name="listTierAccountsWithFilter">
        <cloudblue-connect:list-tier-accounts config-ref="CloudBlue_Connect_Config_Test">
            <cloudblue-connect:filter >
                <cloudblue-connect:list-filter type="AND" >
                    <cloudblue-connect:filters >
                        <cloudblue-connect:mono-filter type="EQ" property="external_id" value="ABCD-0000-0000" />
                        <cloudblue-connect:mono-filter type="NE" property="name" value="pepe" />
                    </cloudblue-connect:filters>
                </cloudblue-connect:list-filter>
            </cloudblue-connect:filter>
        </cloudblue-connect:list-tier-accounts>
    </flow>



</mule>
