<mule xmlns="http://www.mulesoft.org/schema/mule/core"
      xmlns:xsi="http://www.w3.org/2001/XMLSchema-instance"
      xmlns:http="http://www.mulesoft.org/schema/mule/http"
      xmlns:cloudblue-connect="http://www.mulesoft.org/schema/mule/cloudblue-connect"
      xsi:schemaLocation="http://www.mulesoft.org/schema/mule/core
            http://www.mulesoft.org/schema/mule/core/current/mule.xsd
            http://www.mulesoft.org/schema/mule/http 
            http://www.mulesoft.org/schema/mule/http/current/mule-http.xsd
            http://www.mulesoft.org/schema/mule/cloudblue-connect 
            http://www.mulesoft.org/schema/mule/cloudblue-connect/current/mule-cloudblue-connect.xsd">
    
    <http:listener-config name="listenerConfig">
        <http:listener-connection host="localhost" port="${port}"/>
    </http:listener-config>
    
    <flow name="getRequestServer">
        <http:listener path="/requests/${request_id}" config-ref="listenerConfig"/>
        <set-payload value="{'id':'${request_id}'}"/>
    </flow>

    <flow name="listRequestsServer">
        <http:listener path="/requests" config-ref="listenerConfig"/>
        <set-payload value="[{'id':'${request_id}'}]"/>
    </flow>
    
    <flow name="getAssetServer">
        <http:listener path="/assets/${asset_id}" config-ref="listenerConfig"/>
        <set-payload value="{'id':'${asset_id}'}"/>
    </flow>

    <flow name="listAssetsServer">
        <http:listener path="/assets" config-ref="listenerConfig"/>
        <set-payload value="[{'id':'${asset_id}'}]"/>
    </flow>

    <cloudblue-connect:config name="CloudBlue_Connect_Config_Test">
        <cloudblue-connect:connection token="ApiKey SU-000-000-000:fake-token-001"
                                      connectionTimeout="20000"
                                      endpoint="http://localhost:${port}"/>
    </cloudblue-connect:config>
    
    <flow name="getRequest">
        <cloudblue-connect:get-request config-ref="CloudBlue_Connect_Config_Test" id="${request_id}"/>
    </flow>
    
    <flow name="getAsset">
        <cloudblue-connect:get-asset config-ref="CloudBlue_Connect_Config_Test" id="${asset_id}"/>
    </flow>

    <flow name="listRequests">
        <cloudblue-connect:list-requests config-ref="CloudBlue_Connect_Config_Test">
            <cloudblue-connect:filter >
                <cloudblue-connect:list-filter type="or" >
                    <cloudblue-connect:filters >
                        <cloudblue-connect:mono-filter type="eq" property="asset.id" value="AS-0000-0000-0000" />
                        <cloudblue-connect:mono-filter type="eq" property="status" value="approved" />
                    </cloudblue-connect:filters>
                </cloudblue-connect:list-filter>
            </cloudblue-connect:filter>
        </cloudblue-connect:list-requests>
    </flow>

    <flow name="listAssets">
        <cloudblue-connect:list-assets config-ref="CloudBlue_Connect_Config_Test">
            <cloudblue-connect:filter >
                <cloudblue-connect:list-filter type="and" >
                    <cloudblue-connect:filters >
                        <cloudblue-connect:mono-filter type="eq" property="id" value="AS-0000-0000-0000" />
                        <cloudblue-connect:mono-filter type="ne" property="status" value="active" />
                    </cloudblue-connect:filters>
                </cloudblue-connect:list-filter>
            </cloudblue-connect:filter>
        </cloudblue-connect:list-assets>
    </flow>
</mule>
