<mule xmlns="http://www.mulesoft.org/schema/mule/core"
      xmlns:xsi="http://www.w3.org/2001/XMLSchema-instance"
      xmlns:http="http://www.mulesoft.org/schema/mule/http"
      xmlns:cloudblue-connect="http://www.mulesoft.org/schema/mule/cloudblue-connect"
      xsi:schemaLocation="http://www.mulesoft.org/schema/mule/core
            http://www.mulesoft.org/schema/mule/core/current/mule.xsd
            http://www.mulesoft.org/schema/mule/http 
            http://www.mulesoft.org/schema/mule/http/current/mule-http.xsd
            http://www.mulesoft.org/schema/mule/cloudblue-connect 
            http://www.mulesoft.org/schema/mule/cloudblue-connect/current/mule-cloudblue-connect.xsd">
    
    <http:listener-config name="listenerConfig">
        <http:listener-connection host="localhost" port="${port}"/>
    </http:listener-config>
    
    <flow name="createProductServer">
        <http:listener path="/products/PRD-0000-0000/items" config-ref="listenerConfig"/>
        <set-payload value="{'id':'${productItem_id}'}"/>
    </flow>

    <cloudblue-connect:config name="CloudBlue_Connect_Config_Test">
        <cloudblue-connect:connection token="ApiKey SU-000-000-000:fake-token-001"
                                      connectionTimeout="20000"
                                      endpoint="http://localhost:${port}"/>
    </cloudblue-connect:config>


    <flow name="createProductItem">
		<cloudblue-connect:create-product-item 
            config-ref="CloudBlue_Connect_Config_Test" 
            productId="PRD-0000-0000"
            name="Cool Item"
            mpn="1234"
            description="Cool Item"
            type="reservation"
            dynamic="false"
            period="monthly"
            commitmentCount="1"
            unitId="gb"
            precision="integer"
            uiVisibility="true">
		</cloudblue-connect:create-product-item>
    </flow>
</mule>