<mule xmlns="http://www.mulesoft.org/schema/mule/core"
      xmlns:xsi="http://www.w3.org/2001/XMLSchema-instance"
      xmlns:http="http://www.mulesoft.org/schema/mule/http"
      xmlns:cloudblue-connect="http://www.mulesoft.org/schema/mule/cloudblue-connect"
      xsi:schemaLocation="http://www.mulesoft.org/schema/mule/core
            http://www.mulesoft.org/schema/mule/core/current/mule.xsd
            http://www.mulesoft.org/schema/mule/http 
            http://www.mulesoft.org/schema/mule/http/current/mule-http.xsd
            http://www.mulesoft.org/schema/mule/cloudblue-connect 
            http://www.mulesoft.org/schema/mule/cloudblue-connect/current/mule-cloudblue-connect.xsd">
    
    <http:listener-config name="listenerConfig">
        <http:listener-connection host="localhost" port="${port}"/>
    </http:listener-config>
    
    <flow name="createTierAccountCaseServer">
        <http:listener path="/tier/accounts" config-ref="listenerConfig"/>
        <set-payload value="{'id':'${tierAccount_id}'}"/>
    </flow>

    <cloudblue-connect:config name="CloudBlue_Connect_Config_Test">
        <cloudblue-connect:connection token="ApiKey SU-000-000-000:fake-token-001"
                                      connectionTimeout="20000"
                                      endpoint="http://localhost:${port}"/>
    </cloudblue-connect:config>

    <flow name="createTierAccount">
		<cloudblue-connect:create-tier-account 
            config-ref="CloudBlue_Connect_Config_Test" 
            type="reseller"
            name="toto" 
            externalId="ABCD-325-557-281" 
            externalUid="dsfdsfdsfsd2">
            <cloudblue-connect:contact-info addressLine1="H-23"
                addressLine2="Lone Street"
                city="MSW"
                postalCode="762635" country="US">
                <cloudblue-connect:contact firstName="First"
                    lastName="Last"
                    email="first.last@example.com">
                    <cloudblue-connect:phone-number areaCode="00"
                        countryCode="+34"
                        extension="0"
                        phoneNumber="555555555"/>
                    </cloudblue-connect:contact>                               
                </cloudblue-connect:contact-info>
		</cloudblue-connect:create-tier-account>
    </flow>

</mule>