<mule xmlns="http://www.mulesoft.org/schema/mule/core"
      xmlns:xsi="http://www.w3.org/2001/XMLSchema-instance"
      xmlns:http="http://www.mulesoft.org/schema/mule/http"
      xmlns:cloudblue-connect="http://www.mulesoft.org/schema/mule/cloudblue-connect"
      xsi:schemaLocation="http://www.mulesoft.org/schema/mule/core
            http://www.mulesoft.org/schema/mule/core/current/mule.xsd
            http://www.mulesoft.org/schema/mule/http 
            http://www.mulesoft.org/schema/mule/http/current/mule-http.xsd
            http://www.mulesoft.org/schema/mule/cloudblue-connect 
            http://www.mulesoft.org/schema/mule/cloudblue-connect/current/mule-cloudblue-connect.xsd">
    
    <http:listener-config name="listenerConfig">
        <http:listener-connection host="localhost" port="${port}"/>
    </http:listener-config>

    <flow name="createUsageReconServer">
        <http:listener path="/usage/reconciliations"
                       config-ref="listenerConfig"/>
        <set-payload value="{'id':'${usage_recon_id}'}"/>
    </flow>

    <flow name="getUsageReconServer">
        <http:listener path="/usage/reconciliations/${usage_recon_id}"
                       config-ref="listenerConfig"/>
        <set-payload value="{'id':'${usage_recon_id}'}"/>
    </flow>

    <flow name="downloadProcessedUsageReconServer">
        <http:listener path="/usage/reconciliations/${usage_recon_id}/processedfile"
                       config-ref="listenerConfig"/>
        <set-payload value="Test Data!"/>
    </flow>

    <cloudblue-connect:config name="CloudBlue_Connect_Config_Test">
        <cloudblue-connect:connection token="ApiKey SU-000-000-000:fake-token-001"
                                      connectionTimeout="20000"
                                      endpoint="http://localhost:${port}"/>
    </cloudblue-connect:config>

    <flow name="createUsageRecon">
        <cloudblue-connect:upload-usage-reconciliation-file
                config-ref="CloudBlue_Connect_Config_Test"
                uploadNote="Uploaded for test"
                reconFile="${filePath}"/>
    </flow>

    <flow name="downloadUsageReconFile">
        <cloudblue-connect:usage-reconciliation-action
                fileType="PROCESSED_FILE"
                config-ref="CloudBlue_Connect_Config_Test"
                id="${usage_recon_id}"
                location="${tempFilePath}"
                fileName="${usage_recon_id}.txt"/>
    </flow>
</mule>
