<mule xmlns="http://www.mulesoft.org/schema/mule/core"
      xmlns:xsi="http://www.w3.org/2001/XMLSchema-instance"
      xmlns:http="http://www.mulesoft.org/schema/mule/http"
      xmlns:cloudblue-connect="http://www.mulesoft.org/schema/mule/cloudblue-connect"
      xsi:schemaLocation="http://www.mulesoft.org/schema/mule/core
            http://www.mulesoft.org/schema/mule/core/current/mule.xsd
            http://www.mulesoft.org/schema/mule/http 
            http://www.mulesoft.org/schema/mule/http/current/mule-http.xsd
            http://www.mulesoft.org/schema/mule/cloudblue-connect 
            http://www.mulesoft.org/schema/mule/cloudblue-connect/current/mule-cloudblue-connect.xsd">
    
    <http:listener-config name="listenerConfig">
        <http:listener-connection host="localhost" port="${port}"/>
    </http:listener-config>
    
    <flow name="createUsageReportServer">
        <http:listener path="/usage/files" config-ref="listenerConfig"/>
        <set-payload value="{'id':'${usage_report_id}'}'}"/>
    </flow>

    <flow name="updateUsageReportServer">
        <http:listener path="/usage/files/${usage_report_id}" config-ref="listenerConfig"/>
        <set-payload value="{'id':'${usage_report_id}'}'}"/>
    </flow>

    <flow name="submitUsageReportServer">
        <http:listener path="/usage/files/${usage_report_id}/submit" config-ref="listenerConfig"/>
        <set-payload value="{'id':'${usage_report_id}'}'}"/>
    </flow>

    <flow name="acceptUsageReportServer">
        <http:listener path="/usage/files/${usage_report_id}/accept" config-ref="listenerConfig"/>
        <set-payload value="{'id':'${usage_report_id}'}'}"/>
    </flow>

    <flow name="uploadUsageReportServer">
        <http:listener path="/usage/files/${usage_report_id}/upload" config-ref="listenerConfig"/>
        <set-payload value="{'id':'${usage_report_id}'}'}"/>
    </flow>

    <cloudblue-connect:config name="CloudBlue_Connect_Config_Test">
        <cloudblue-connect:connection token="ApiKey SU-000-000-000:fake-token-001"
                                      connectionTimeout="20000"
                                      endpoint="http://localhost:${port}"/>
    </cloudblue-connect:config>

    <flow name="createUsageReport">
        <cloudblue-connect:create-usage-report
                config-ref="CloudBlue_Connect_Config_Test"
                name="Usage File For Test"
                productId="PRD-000-000-000"
                contractId="CRD-00000-00000-00000"/>
    </flow>

    <flow name="updateUsageReport">
        <cloudblue-connect:update-usage-report
                config-ref="CloudBlue_Connect_Config_Test"
                id="${usage_report_id}"
                description="Test Description"
                note="Sample note"
                externalId="EX-000-000-001"/>
    </flow>

    <flow name="submitUsageReport">
        <cloudblue-connect:usage-report-action
                config-ref="CloudBlue_Connect_Config_Test">
            <cloudblue-connect:usage-report-action-details >
                <cloudblue-connect:submit-usage-report id="${usage_report_id}" />
            </cloudblue-connect:usage-report-action-details>
        </cloudblue-connect:usage-report-action>
    </flow>

    <flow name="acceptUsageReport">
        <cloudblue-connect:usage-report-action
                config-ref="CloudBlue_Connect_Config_Test">
            <cloudblue-connect:usage-report-action-details >
                <cloudblue-connect:accept-usage-report
                        acceptanceNote="Accepted as records are correct."
                        id="${usage_report_id}" />
            </cloudblue-connect:usage-report-action-details>
        </cloudblue-connect:usage-report-action>
    </flow>

    <flow name="uploadUsageReport">
        <cloudblue-connect:usage-report-action
                config-ref="CloudBlue_Connect_Config_Test">
            <cloudblue-connect:usage-report-action-details >
                <cloudblue-connect:upload-usage-report
                        usageFile="${filePath}"
                        id="${usage_report_id}"/>
            </cloudblue-connect:usage-report-action-details>
        </cloudblue-connect:usage-report-action>
    </flow>
</mule>
